# JRE version: OpenJDK Runtime Environment Temurin-21.0.11+10 (21.0.11+10) (build 21.0.11+10-LTS)
# Java VM: OpenJDK 64-Bit Server VM Temurin-21.0.11+10 (21.0.11+10-LTS, mixed mode, sharing, tiered, compressed oops, compressed class ptrs, parallel gc, windows-amd64)
GC Precious Log:
 CardTable entry size: 512
 CPUs: 12 total, 12 available
 Memory: 7810M
 Large Page Support: Disabled
 NUMA Support: Disabled
 Compressed Oops: Enabled (32-bit)
 Alignments: Space 512K, Generation 512K, Heap 2M
 Heap Min Capacity: 100M
 Heap Initial Capacity: 100M
 Heap Max Capacity: 2G
 Pre-touch: Disabled
 Parallel Workers: 10
Heap:
 PSYoungGen      total 30720K, used 23064K [0x00000000d5580000, 0x00000000d7b80000, 0x0000000100000000)
  eden space 27136K, 72% used [0x00000000d5580000,0x00000000d68c0350,0x00000000d7000000)
  from space 3584K, 93% used [0x00000000d7000000,0x00000000d7345e58,0x00000000d7380000)
  to   space 5120K, 0% used [0x00000000d7680000,0x00000000d7680000,0x00000000d7b80000)
 ParOldGen       total 953344K, used 723931K [0x0000000080000000, 0x00000000ba300000, 0x00000000d5580000)
  object space 953344K, 75% used [0x0000000080000000,0x00000000ac2f6e90,0x00000000ba300000)
 Metaspace       used 90081K, committed 91840K, reserved 1179648K
  class space    used 9184K, committed 10048K, reserved 1048576K
GC Heap History (20 events):
Event: 11775.012 GC heap before
{Heap before GC invocations=1215 (full 5):
 PSYoungGen      total 13312K, used 13310K [0x00000000d5580000, 0x00000000d6880000, 0x0000000100000000)
  eden space 11776K, 100% used [0x00000000d5580000,0x00000000d6100000,0x00000000d6100000)
  from space 1536K, 99% used [0x00000000d6100000,0x00000000d627faa8,0x00000000d6280000)
  to   space 3072K, 0% used [0x00000000d6580000,0x00000000d6580000,0x00000000d6880000)
 ParOldGen       total 953344K, used 668043K [0x0000000080000000, 0x00000000ba300000, 0x00000000d5580000)
  object space 953344K, 70% used [0x0000000080000000,0x00000000a8c62f88,0x00000000ba300000)
 Metaspace       used 89941K, committed 91712K, reserved 1179648K
  class space    used 9181K, committed 10048K, reserved 1048576K
}
Event: 11775.018 GC heap after
{Heap after GC invocations=1215 (full 5):
 PSYoungGen      total 16896K, used 1966K [0x00000000d5580000, 0x00000000d6880000, 0x0000000100000000)
  eden space 13824K, 0% used [0x00000000d5580000,0x00000000d5580000,0x00000000d6300000)
  from space 3072K, 64% used [0x00000000d6580000,0x00000000d676ba98,0x00000000d6880000)
  to   space 2560K, 0% used [0x00000000d6300000,0x00000000d6300000,0x00000000d6580000)
 ParOldGen       total 953344K, used 669526K [0x0000000080000000, 0x00000000ba300000, 0x00000000d5580000)
  object space 953344K, 70% used [0x0000000080000000,0x00000000a8dd5b30,0x00000000ba300000)
 Metaspace       used 89941K, committed 91712K, reserved 1179648K
  class space    used 9181K, committed 10048K, reserved 1048576K
}
Event: 11867.366 GC heap before
{Heap before GC invocations=1216 (full 5):
 PSYoungGen      total 16896K, used 15785K [0x00000000d5580000, 0x00000000d6880000, 0x0000000100000000)
  eden space 13824K, 99% used [0x00000000d5580000,0x00000000d62feb08,0x00000000d6300000)
  from space 3072K, 64% used [0x00000000d6580000,0x00000000d676ba98,0x00000000d6880000)
  to   space 2560K, 0% used [0x00000000d6300000,0x00000000d6300000,0x00000000d6580000)
 ParOldGen       total 953344K, used 669526K [0x0000000080000000, 0x00000000ba300000, 0x00000000d5580000)
  object space 953344K, 70% used [0x0000000080000000,0x00000000a8dd5b30,0x00000000ba300000)
 Metaspace       used 89975K, committed 91712K, reserved 1179648K
  class space    used 9181K, committed 10048K, reserved 1048576K
}
Event: 11867.373 GC heap after
{Heap after GC invocations=1216 (full 5):
 PSYoungGen      total 16384K, used 2144K [0x00000000d5580000, 0x00000000d6800000, 0x0000000100000000)
  eden space 13824K, 0% used [0x00000000d5580000,0x00000000d5580000,0x00000000d6300000)
  from space 2560K, 83% used [0x00000000d6300000,0x00000000d65182a8,0x00000000d6580000)
  to   space 2560K, 0% used [0x00000000d6580000,0x00000000d6580000,0x00000000d6800000)
 ParOldGen       total 953344K, used 671367K [0x0000000080000000, 0x00000000ba300000, 0x00000000d5580000)
  object space 953344K, 70% used [0x0000000080000000,0x00000000a8fa1e08,0x00000000ba300000)
 Metaspace       used 89975K, committed 91712K, reserved 1179648K
  class space    used 9181K, committed 10048K, reserved 1048576K
}
Event: 11867.499 GC heap before
{Heap before GC invocations=1217 (full 5):
 PSYoungGen      total 16384K, used 15968K [0x00000000d5580000, 0x00000000d6800000, 0x0000000100000000)
  eden space 13824K, 100% used [0x00000000d5580000,0x00000000d6300000,0x00000000d6300000)
  from space 2560K, 83% used [0x00000000d6300000,0x00000000d65182a8,0x00000000d6580000)
  to   space 2560K, 0% used [0x00000000d6580000,0x00000000d6580000,0x00000000d6800000)
 ParOldGen       total 953344K, used 671367K [0x0000000080000000, 0x00000000ba300000, 0x00000000d5580000)
  object space 953344K, 70% used [0x0000000080000000,0x00000000a8fa1e08,0x00000000ba300000)
 Metaspace       used 89998K, committed 91776K, reserved 1179648K
  class space    used 9181K, committed 10048K, reserved 1048576K
}
Event: 11867.508 GC heap after
{Heap after GC invocations=1217 (full 5):
 PSYoungGen      total 16384K, used 2192K [0x00000000d5580000, 0x00000000d6800000, 0x0000000100000000)
  eden space 13824K, 0% used [0x00000000d5580000,0x00000000d5580000,0x00000000d6300000)
  from space 2560K, 85% used [0x00000000d6580000,0x00000000d67a4030,0x00000000d6800000)
  to   space 2560K, 0% used [0x00000000d6300000,0x00000000d6300000,0x00000000d6580000)
 ParOldGen       total 953344K, used 673298K [0x0000000080000000, 0x00000000ba300000, 0x00000000d5580000)
  object space 953344K, 70% used [0x0000000080000000,0x00000000a91848c0,0x00000000ba300000)
 Metaspace       used 89998K, committed 91776K, reserved 1179648K
  class space    used 9181K, committed 10048K, reserved 1048576K
}
Event: 11867.645 GC heap before
{Heap before GC invocations=1218 (full 5):
 PSYoungGen      total 16384K, used 16016K [0x00000000d5580000, 0x00000000d6800000, 0x0000000100000000)
  eden space 13824K, 100% used [0x00000000d5580000,0x00000000d6300000,0x00000000d6300000)
  from space 2560K, 85% used [0x00000000d6580000,0x00000000d67a4030,0x00000000d6800000)
  to   space 2560K, 0% used [0x00000000d6300000,0x00000000d6300000,0x00000000d6580000)
 ParOldGen       total 953344K, used 673298K [0x0000000080000000, 0x00000000ba300000, 0x00000000d5580000)
  object space 953344K, 70% used [0x0000000080000000,0x00000000a91848c0,0x00000000ba300000)
 Metaspace       used 90018K, committed 91776K, reserved 1179648K
  class space    used 9184K, committed 10048K, reserved 1048576K
}
Event: 11867.677 GC heap after
{Heap after GC invocations=1218 (full 5):
 PSYoungGen      total 16384K, used 2538K [0x00000000d5580000, 0x00000000d7f00000, 0x0000000100000000)
  eden space 13824K, 0% used [0x00000000d5580000,0x00000000d5580000,0x00000000d6300000)
  from space 2560K, 99% used [0x00000000d6300000,0x00000000d657a9b0,0x00000000d6580000)
  to   space 14336K, 0% used [0x00000000d7100000,0x00000000d7100000,0x00000000d7f00000)
 ParOldGen       total 953344K, used 682995K [0x0000000080000000, 0x00000000ba300000, 0x00000000d5580000)
  object space 953344K, 71% used [0x0000000080000000,0x00000000a9afcff0,0x00000000ba300000)
 Metaspace       used 90018K, committed 91776K, reserved 1179648K
  class space    used 9184K, committed 10048K, reserved 1048576K
}
Event: 11867.722 GC heap before
{Heap before GC invocations=1219 (full 5):
 PSYoungGen      total 16384K, used 15775K [0x00000000d5580000, 0x00000000d7f00000, 0x0000000100000000)
  eden space 13824K, 95% used [0x00000000d5580000,0x00000000d626d5c0,0x00000000d6300000)
  from space 2560K, 99% used [0x00000000d6300000,0x00000000d657a9b0,0x00000000d6580000)
  to   space 14336K, 0% used [0x00000000d7100000,0x00000000d7100000,0x00000000d7f00000)
 ParOldGen       total 953344K, used 682995K [0x0000000080000000, 0x00000000ba300000, 0x00000000d5580000)
  object space 953344K, 71% used [0x0000000080000000,0x00000000a9afcff0,0x00000000ba300000)
 Metaspace       used 90018K, committed 91776K, reserved 1179648K
  class space    used 9184K, committed 10048K, reserved 1048576K
}
Event: 11867.738 GC heap after
{Heap after GC invocations=1219 (full 5):
 PSYoungGen      total 26112K, used 11879K [0x00000000d5580000, 0x00000000d7d00000, 0x0000000100000000)
  eden space 13824K, 0% used [0x00000000d5580000,0x00000000d5580000,0x00000000d6300000)
  from space 12288K, 96% used [0x00000000d7100000,0x00000000d7c99d18,0x00000000d7d00000)
  to   space 12288K, 0% used [0x00000000d6500000,0x00000000d6500000,0x00000000d7100000)
 ParOldGen       total 953344K, used 686331K [0x0000000080000000, 0x00000000ba300000, 0x00000000d5580000)
  object space 953344K, 71% used [0x0000000080000000,0x00000000a9e3ee48,0x00000000ba300000)
 Metaspace       used 90018K, committed 91776K, reserved 1179648K
  class space    used 9184K, committed 10048K, reserved 1048576K
}
Event: 11867.784 GC heap before
{Heap before GC invocations=1220 (full 5):
 PSYoungGen      total 26112K, used 25701K [0x00000000d5580000, 0x00000000d7d00000, 0x0000000100000000)
  eden space 13824K, 99% used [0x00000000d5580000,0x00000000d62ff7f8,0x00000000d6300000)
  from space 12288K, 96% used [0x00000000d7100000,0x00000000d7c99d18,0x00000000d7d00000)
  to   space 12288K, 0% used [0x00000000d6500000,0x00000000d6500000,0x00000000d7100000)
 ParOldGen       total 953344K, used 686331K [0x0000000080000000, 0x00000000ba300000, 0x00000000d5580000)
  object space 953344K, 71% used [0x0000000080000000,0x00000000a9e3ee48,0x00000000ba300000)
 Metaspace       used 90025K, committed 91776K, reserved 1179648K
  class space    used 9184K, committed 10048K, reserved 1048576K
}
Event: 11867.828 GC heap after
{Heap after GC invocations=1220 (full 5):
 PSYoungGen      total 24064K, used 8000K [0x00000000d5580000, 0x00000000d7900000, 0x0000000100000000)
  eden space 15872K, 0% used [0x00000000d5580000,0x00000000d5580000,0x00000000d6500000)
  from space 8192K, 97% used [0x00000000d6500000,0x00000000d6cd00f0,0x00000000d6d00000)
  to   space 9728K, 0% used [0x00000000d6f80000,0x00000000d6f80000,0x00000000d7900000)
 ParOldGen       total 953344K, used 698149K [0x0000000080000000, 0x00000000ba300000, 0x00000000d5580000)
  object space 953344K, 73% used [0x0000000080000000,0x00000000aa9c9648,0x00000000ba300000)
 Metaspace       used 90025K, committed 91776K, reserved 1179648K
  class space    used 9184K, committed 10048K, reserved 1048576K
}
Event: 11867.872 GC heap before
{Heap before GC invocations=1221 (full 5):
 PSYoungGen      total 24064K, used 23872K [0x00000000d5580000, 0x00000000d7900000, 0x0000000100000000)
  eden space 15872K, 99% used [0x00000000d5580000,0x00000000d64ffff0,0x00000000d6500000)
  from space 8192K, 97% used [0x00000000d6500000,0x00000000d6cd00f0,0x00000000d6d00000)
  to   space 9728K, 0% used [0x00000000d6f80000,0x00000000d6f80000,0x00000000d7900000)
 ParOldGen       total 953344K, used 698149K [0x0000000080000000, 0x00000000ba300000, 0x00000000d5580000)
  object space 953344K, 73% used [0x0000000080000000,0x00000000aa9c9648,0x00000000ba300000)
 Metaspace       used 90026K, committed 91776K, reserved 1179648K
  class space    used 9184K, committed 10048K, reserved 1048576K
}
Event: 11867.891 GC heap after
{Heap after GC invocations=1221 (full 5):
 PSYoungGen      total 22528K, used 2583K [0x00000000d5580000, 0x00000000d7280000, 0x0000000100000000)
  eden space 19456K, 0% used [0x00000000d5580000,0x00000000d5580000,0x00000000d6880000)
  from space 3072K, 84% used [0x00000000d6f80000,0x00000000d7205e78,0x00000000d7280000)
  to   space 5120K, 0% used [0x00000000d6880000,0x00000000d6880000,0x00000000d6d80000)
 ParOldGen       total 953344K, used 705967K [0x0000000080000000, 0x00000000ba300000, 0x00000000d5580000)
  object space 953344K, 74% used [0x0000000080000000,0x00000000ab16bf00,0x00000000ba300000)
 Metaspace       used 90026K, committed 91776K, reserved 1179648K
  class space    used 9184K, committed 10048K, reserved 1048576K
}
Event: 11867.920 GC heap before
{Heap before GC invocations=1222 (full 5):
 PSYoungGen      total 22528K, used 22039K [0x00000000d5580000, 0x00000000d7280000, 0x0000000100000000)
  eden space 19456K, 100% used [0x00000000d5580000,0x00000000d6880000,0x00000000d6880000)
  from space 3072K, 84% used [0x00000000d6f80000,0x00000000d7205e78,0x00000000d7280000)
  to   space 5120K, 0% used [0x00000000d6880000,0x00000000d6880000,0x00000000d6d80000)
 ParOldGen       total 953344K, used 705967K [0x0000000080000000, 0x00000000ba300000, 0x00000000d5580000)
  object space 953344K, 74% used [0x0000000080000000,0x00000000ab16bf00,0x00000000ba300000)
 Metaspace       used 90034K, committed 91776K, reserved 1179648K
  class space    used 9184K, committed 10048K, reserved 1048576K
}
Event: 11867.943 GC heap after
{Heap after GC invocations=1222 (full 5):
 PSYoungGen      total 24576K, used 5101K [0x00000000d5580000, 0x00000000d8780000, 0x0000000100000000)
  eden space 19456K, 0% used [0x00000000d5580000,0x00000000d5580000,0x00000000d6880000)
  from space 5120K, 99% used [0x00000000d6880000,0x00000000d6d7b5e0,0x00000000d6d80000)
  to   space 13824K, 0% used [0x00000000d7a00000,0x00000000d7a00000,0x00000000d8780000)
 ParOldGen       total 953344K, used 712805K [0x0000000080000000, 0x00000000ba300000, 0x00000000d5580000)
  object space 953344K, 74% used [0x0000000080000000,0x00000000ab819708,0x00000000ba300000)
 Metaspace       used 90034K, committed 91776K, reserved 1179648K
  class space    used 9184K, committed 10048K, reserved 1048576K
}
Event: 11867.971 GC heap before
{Heap before GC invocations=1223 (full 5):
 PSYoungGen      total 24576K, used 24557K [0x00000000d5580000, 0x00000000d8780000, 0x0000000100000000)
  eden space 19456K, 100% used [0x00000000d5580000,0x00000000d6880000,0x00000000d6880000)
  from space 5120K, 99% used [0x00000000d6880000,0x00000000d6d7b5e0,0x00000000d6d80000)
  to   space 13824K, 0% used [0x00000000d7a00000,0x00000000d7a00000,0x00000000d8780000)
 ParOldGen       total 953344K, used 712805K [0x0000000080000000, 0x00000000ba300000, 0x00000000d5580000)
  object space 953344K, 74% used [0x0000000080000000,0x00000000ab819708,0x00000000ba300000)
 Metaspace       used 90035K, committed 91776K, reserved 1179648K
  class space    used 9184K, committed 10048K, reserved 1048576K
}
Event: 11867.989 GC heap after
{Heap after GC invocations=1223 (full 5):
 PSYoungGen      total 30720K, used 6705K [0x00000000d5580000, 0x00000000d8100000, 0x0000000100000000)
  eden space 23552K, 0% used [0x00000000d5580000,0x00000000d5580000,0x00000000d6c80000)
  from space 7168K, 93% used [0x00000000d7a00000,0x00000000d808c748,0x00000000d8100000)
  to   space 8704K, 0% used [0x00000000d7000000,0x00000000d7000000,0x00000000d7880000)
 ParOldGen       total 953344K, used 717935K [0x0000000080000000, 0x00000000ba300000, 0x00000000d5580000)
  object space 953344K, 75% used [0x0000000080000000,0x00000000abd1be88,0x00000000ba300000)
 Metaspace       used 90035K, committed 91776K, reserved 1179648K
  class space    used 9184K, committed 10048K, reserved 1048576K
}
Event: 11868.641 GC heap before
{Heap before GC invocations=1224 (full 5):
 PSYoungGen      total 30720K, used 30257K [0x00000000d5580000, 0x00000000d8100000, 0x0000000100000000)
  eden space 23552K, 100% used [0x00000000d5580000,0x00000000d6c80000,0x00000000d6c80000)
  from space 7168K, 93% used [0x00000000d7a00000,0x00000000d808c748,0x00000000d8100000)
  to   space 8704K, 0% used [0x00000000d7000000,0x00000000d7000000,0x00000000d7880000)
 ParOldGen       total 953344K, used 717935K [0x0000000080000000, 0x00000000ba300000, 0x00000000d5580000)
  object space 953344K, 75% used [0x0000000080000000,0x00000000abd1be88,0x00000000ba300000)
 Metaspace       used 90070K, committed 91840K, reserved 1179648K
  class space    used 9184K, committed 10048K, reserved 1048576K
}
Event: 11868.666 GC heap after
{Heap after GC invocations=1224 (full 5):
 PSYoungGen      total 30720K, used 3351K [0x00000000d5580000, 0x00000000d7b80000, 0x0000000100000000)
  eden space 27136K, 0% used [0x00000000d5580000,0x00000000d5580000,0x00000000d7000000)
  from space 3584K, 93% used [0x00000000d7000000,0x00000000d7345e58,0x00000000d7380000)
  to   space 5120K, 0% used [0x00000000d7680000,0x00000000d7680000,0x00000000d7b80000)
 ParOldGen       total 953344K, used 723931K [0x0000000080000000, 0x00000000ba300000, 0x00000000d5580000)
  object space 953344K, 75% used [0x0000000080000000,0x00000000ac2f6e90,0x00000000ba300000)
 Metaspace       used 90070K, committed 91840K, reserved 1179648K
  class space    used 9184K, committed 10048K, reserved 1048576K
}

